16:09:45.655 [main] INFO  d.u.a.e.datetime.TimeZoneGames - Das Programm wurde gestartet um MONDAY, 15 MAY 2023 16:09:45 +02:00 in der Zeitzone Europe/Vienna
16:09:45.673 [main] INFO  d.u.a.e.datetime.TimeZoneGames - Seit Neujahr sind bereits 11635785 Sekunden vergangen.
16:09:45.674 [main] INFO  d.u.a.e.datetime.TimeZoneGames - Es sind noch 19813814 Sekunden bis zum Ende des Jahres verbleibend.
16:09:45.696 [main] INFO  d.u.a.e.datetime.TimeZoneGames - Die Zeitzone Australia/Hobart hat gerade die Datumsgrenze zu Morgen ueberschritten. Die aktuelle Uhrzeit in der betreffenden Zeitzone ist 2023-05-16T00:09:45.696153
16:09:45.703 [main] INFO  d.u.a.e.datetime.TimeZoneGames - Die Zeitzone Pacific/Yap hat gerade die Datumsgrenze zu Morgen ueberschritten. Die aktuelle Uhrzeit in der betreffenden Zeitzone ist 2023-05-16T00:09:45.703238
16:09:45.711 [main] INFO  d.u.a.e.datetime.TimeZoneGames - Die Zeitzone Australia/Tasmania hat gerade die Datumsgrenze zu Morgen ueberschritten. Die aktuelle Uhrzeit in der betreffenden Zeitzone ist 2023-05-16T00:09:45.711614
16:09:45.721 [main] INFO  d.u.a.e.datetime.TimeZoneGames - Die Zeitzone Pacific/Port_Moresby hat gerade die Datumsgrenze zu Morgen ueberschritten. Die aktuelle Uhrzeit in der betreffenden Zeitzone ist 2023-05-16T00:09:45.721827
16:09:45.733 [main] INFO  d.u.a.e.datetime.TimeZoneGames - Die Zeitzone Australia/ACT hat gerade die Datumsgrenze zu Morgen ueberschritten. Die aktuelle Uhrzeit in der betreffenden Zeitzone ist 2023-05-16T00:09:45.733039
16:09:45.753 [main] INFO  d.u.a.e.datetime.TimeZoneGames - Die Zeitzone Australia/Victoria hat gerade die Datumsgrenze zu Morgen ueberschritten. Die aktuelle Uhrzeit in der betreffenden Zeitzone ist 2023-05-16T00:09:45.753170
16:09:45.757 [main] INFO  d.u.a.e.datetime.TimeZoneGames - Die Zeitzone Antarctica/Macquarie hat gerade die Datumsgrenze zu Morgen ueberschritten. Die aktuelle Uhrzeit in der betreffenden Zeitzone ist 2023-05-16T00:09:45.757837
16:09:45.761 [main] INFO  d.u.a.e.datetime.TimeZoneGames - Die Zeitzone Pacific/Chuuk hat gerade die Datumsgrenze zu Morgen ueberschritten. Die aktuelle Uhrzeit in der betreffenden Zeitzone ist 2023-05-16T00:09:45.761039
16:09:45.763 [main] INFO  d.u.a.e.datetime.TimeZoneGames - Die Zeitzone Australia/Queensland hat gerade die Datumsgrenze zu Morgen ueberschritten. Die aktuelle Uhrzeit in der betreffenden Zeitzone ist 2023-05-16T00:09:45.763391
16:09:45.763 [main] INFO  d.u.a.e.datetime.TimeZoneGames - Die Zeitzone Australia/Canberra hat gerade die Datumsgrenze zu Morgen ueberschritten. Die aktuelle Uhrzeit in der betreffenden Zeitzone ist 2023-05-16T00:09:45.763850
16:09:45.766 [main] INFO  d.u.a.e.datetime.TimeZoneGames - Die Zeitzone Australia/Currie hat gerade die Datumsgrenze zu Morgen ueberschritten. Die aktuelle Uhrzeit in der betreffenden Zeitzone ist 2023-05-16T00:09:45.766591
16:09:45.767 [main] INFO  d.u.a.e.datetime.TimeZoneGames - Die Zeitzone Pacific/Guam hat gerade die Datumsgrenze zu Morgen ueberschritten. Die aktuelle Uhrzeit in der betreffenden Zeitzone ist 2023-05-16T00:09:45.767250
16:09:45.768 [main] INFO  d.u.a.e.datetime.TimeZoneGames - Die Zeitzone Pacific/Truk hat gerade die Datumsgrenze zu Morgen ueberschritten. Die aktuelle Uhrzeit in der betreffenden Zeitzone ist 2023-05-16T00:09:45.768664
16:09:45.769 [main] INFO  d.u.a.e.datetime.TimeZoneGames - Die Zeitzone Australia/NSW hat gerade die Datumsgrenze zu Morgen ueberschritten. Die aktuelle Uhrzeit in der betreffenden Zeitzone ist 2023-05-16T00:09:45.769721
16:09:45.770 [main] INFO  d.u.a.e.datetime.TimeZoneGames - Die Zeitzone Asia/Vladivostok hat gerade die Datumsgrenze zu Morgen ueberschritten. Die aktuelle Uhrzeit in der betreffenden Zeitzone ist 2023-05-16T00:09:45.770516
16:09:45.771 [main] INFO  d.u.a.e.datetime.TimeZoneGames - Die Zeitzone Pacific/Saipan hat gerade die Datumsgrenze zu Morgen ueberschritten. Die aktuelle Uhrzeit in der betreffenden Zeitzone ist 2023-05-16T00:09:45.771342
16:09:45.772 [main] INFO  d.u.a.e.datetime.TimeZoneGames - Die Zeitzone Antarctica/DumontDUrville hat gerade die Datumsgrenze zu Morgen ueberschritten. Die aktuelle Uhrzeit in der betreffenden Zeitzone ist 2023-05-16T00:09:45.772759
16:09:45.788 [main] INFO  d.u.a.e.datetime.TimeZoneGames - Die Zeitzone Australia/Sydney hat gerade die Datumsgrenze zu Morgen ueberschritten. Die aktuelle Uhrzeit in der betreffenden Zeitzone ist 2023-05-16T00:09:45.788169
16:09:45.793 [main] INFO  d.u.a.e.datetime.TimeZoneGames - Die Zeitzone Australia/Brisbane hat gerade die Datumsgrenze zu Morgen ueberschritten. Die aktuelle Uhrzeit in der betreffenden Zeitzone ist 2023-05-16T00:09:45.793434
16:09:45.798 [main] INFO  d.u.a.e.datetime.TimeZoneGames - Die Zeitzone Etc/GMT-10 hat gerade die Datumsgrenze zu Morgen ueberschritten. Die aktuelle Uhrzeit in der betreffenden Zeitzone ist 2023-05-16T00:09:45.798732
16:09:45.800 [main] INFO  d.u.a.e.datetime.TimeZoneGames - Die Zeitzone Asia/Ust-Nera hat gerade die Datumsgrenze zu Morgen ueberschritten. Die aktuelle Uhrzeit in der betreffenden Zeitzone ist 2023-05-16T00:09:45.800211
16:09:45.800 [main] INFO  d.u.a.e.datetime.TimeZoneGames - Die Zeitzone Australia/Melbourne hat gerade die Datumsgrenze zu Morgen ueberschritten. Die aktuelle Uhrzeit in der betreffenden Zeitzone ist 2023-05-16T00:09:45.800833
16:09:45.801 [main] INFO  d.u.a.e.datetime.TimeZoneGames - Die Zeitzone Australia/Lindeman hat gerade die Datumsgrenze zu Morgen ueberschritten. Die aktuelle Uhrzeit in der betreffenden Zeitzone ist 2023-05-16T00:09:45.801613
